<?xml version="1.0" encoding="UTF-8"?>
<!-- Generated by org.testng.reporters.JUnitReportReporter -->
<testsuite hostname="Rahulsbook" failures="0" tests="1" name="com.nopcommerce.tests.CheckoutTest" time="1.792" errors="0" timestamp="2025-09-08T11:04:51 IST" skipped="0">
  <testcase classname="com.nopcommerce.tests.CheckoutTest" name="testProceedToCheckout" time="1.792"/>
</testsuite> <!-- com.nopcommerce.tests.CheckoutTest -->
