<?xml version="1.0" encoding="UTF-8"?>
<!-- Generated by org.testng.reporters.JUnitReportReporter -->
<testsuite hostname="Rahulsbook" failures="0" tests="1" name="com.nopcommerce.tests.MyAccountTest" time="8.707" errors="0" timestamp="2025-09-08T11:04:51 IST" skipped="0">
  <testcase classname="com.nopcommerce.tests.MyAccountTest" name="testMyAccountSaveAndGoHome" time="8.707"/>
</testsuite> <!-- com.nopcommerce.tests.MyAccountTest -->
