<?xml version="1.0" encoding="UTF-8"?>
<!-- Generated by org.testng.reporters.JUnitReportReporter -->
<testsuite hostname="Rahulsbook" failures="0" tests="2" name="com.nopcommerce.tests.ProductTest" time="5.776" errors="0" timestamp="2025-09-08T11:04:51 IST" skipped="0">
  <testcase classname="com.nopcommerce.tests.ProductTest" name="testAddProductToCart" time="3.535"/>
  <testcase classname="com.nopcommerce.tests.ProductTest" name="testAddProductToWishlist" time="2.241"/>
</testsuite> <!-- com.nopcommerce.tests.ProductTest -->
