<?xml version="1.0" encoding="UTF-8"?>
<!-- Generated by org.testng.reporters.JUnitReportReporter -->
<testsuite hostname="Rahulsbook" failures="0" tests="2" name="com.nopcommerce.tests.SearchTest" time="3.367" errors="0" timestamp="2025-09-08T11:04:51 IST" skipped="0">
  <testcase classname="com.nopcommerce.tests.SearchTest" name="testInvalidSearch_NoProductFound" time="0.888"/>
  <testcase classname="com.nopcommerce.tests.SearchTest" name="testValidSearchAndClickProduct" time="2.479"/>
</testsuite> <!-- com.nopcommerce.tests.SearchTest -->
