<?xml version="1.0" encoding="UTF-8"?>
<!-- Generated by org.testng.reporters.JUnitReportReporter -->
<testsuite hostname="Rahulsbook" failures="0" tests="1" name="com.nopcommerce.tests.BlogTest" time="2.450" errors="0" timestamp="2025-09-08T11:04:51 IST" skipped="0">
  <testcase classname="com.nopcommerce.tests.BlogTest" name="testBlogPage" time="2.450"/>
</testsuite> <!-- com.nopcommerce.tests.BlogTest -->
