<?xml version="1.0" encoding="UTF-8"?>
<!-- Generated by org.testng.reporters.JUnitReportReporter -->
<testsuite hostname="Rahulsbook" failures="0" tests="1" name="com.nopcommerce.tests.NewsletterTest" time="2.772" errors="0" timestamp="2025-09-08T11:04:51 IST" skipped="0">
  <testcase classname="com.nopcommerce.tests.NewsletterTest" name="testSubscribeNewsletter" time="2.772"/>
</testsuite> <!-- com.nopcommerce.tests.NewsletterTest -->
