<?xml version="1.0" encoding="UTF-8"?>
<!-- Generated by org.testng.reporters.JUnitReportReporter -->
<testsuite hostname="Rahulsbook" failures="0" tests="1" name="com.nopcommerce.tests.RecentlyViewedProductsTest" time="2.533" errors="0" timestamp="2025-09-08T11:04:51 IST" skipped="0">
  <testcase classname="com.nopcommerce.tests.RecentlyViewedProductsTest" name="testRecentlyViewedProductsPage" time="2.533"/>
</testsuite> <!-- com.nopcommerce.tests.RecentlyViewedProductsTest -->
